<?xml version="1.0" encoding="UTF-8"?>
<coverage generated="1639086884053" clover="3.2.0">
  <project timestamp="1639086884054" name="All files">
    <metrics statements="15" coveredstatements="12" conditionals="2" coveredconditionals="2" methods="8" coveredmethods="5" elements="25" coveredelements="19" complexity="0" loc="15" ncloc="15" packages="1" files="2" classes="2"/>
    <file name="Filters.vue" path="C:\Users\User01\_mycode\wine-beer-cellar-vuejs\src\components\Filters.vue">
      <metrics statements="4" coveredstatements="2" conditionals="0" coveredconditionals="0" methods="3" coveredmethods="1"/>
      <line num="36" count="1" type="stmt"/>
      <line num="40" count="1" type="stmt"/>
      <line num="49" count="0" type="stmt"/>
      <line num="53" count="0" type="stmt"/>
    </file>
    <file name="WineDetails.vue" path="C:\Users\User01\_mycode\wine-beer-cellar-vuejs\src\components\WineDetails.vue">
      <metrics statements="11" coveredstatements="10" conditionals="2" coveredconditionals="2" methods="5" coveredmethods="4"/>
      <line num="22" count="1" type="stmt"/>
      <line num="29" count="5" type="cond" truecount="2" falsecount="0"/>
      <line num="30" count="4" type="stmt"/>
      <line num="33" count="1" type="stmt"/>
      <line num="34" count="1" type="stmt"/>
      <line num="36" count="1" type="stmt"/>
      <line num="41" count="5" type="stmt"/>
      <line num="51" count="5" type="stmt"/>
      <line num="52" count="0" type="stmt"/>
      <line num="60" count="5" type="stmt"/>
      <line num="61" count="5" type="stmt"/>
    </file>
  </project>
</coverage>
