TN:
SF:C:\Users\User01\_mycode\wine-beer-cellar-vuejs\src\components\Filters.vue
FN:39,(anonymous_1)
FN:48,(anonymous_2)
FN:52,(anonymous_3)
FNF:3
FNH:1
FNDA:1,(anonymous_1)
FNDA:0,(anonymous_2)
FNDA:0,(anonymous_3)
DA:36,1
DA:40,1
DA:49,0
DA:53,0
LF:4
LH:2
BRF:0
BRH:0
end_of_record
TN:
SF:C:\Users\User01\_mycode\wine-beer-cellar-vuejs\src\components\WineDetails.vue
FN:28,(anonymous_1)
FN:40,(anonymous_2)
FN:50,(anonymous_3)
FN:51,(anonymous_4)
FN:59,(anonymous_5)
FNF:5
FNH:4
FNDA:5,(anonymous_1)
FNDA:5,(anonymous_2)
FNDA:5,(anonymous_3)
FNDA:0,(anonymous_4)
FNDA:5,(anonymous_5)
DA:22,1
DA:29,5
DA:30,4
DA:33,1
DA:34,1
DA:36,1
DA:41,5
DA:51,5
DA:52,0
DA:60,5
DA:61,5
LF:11
LH:10
BRDA:29,0,0,4
BRDA:29,0,1,1
BRF:2
BRH:2
end_of_record
