<?xml version="1.0" encoding="UTF-8"?>
<coverage generated="1615376756314" clover="3.2.0">
  <project timestamp="1615376756314" name="All files">
    <metrics statements="15" coveredstatements="9" conditionals="2" coveredconditionals="1" methods="8" coveredmethods="5" elements="25" coveredelements="15" complexity="0" loc="15" ncloc="15" packages="1" files="2" classes="2"/>
    <file name="Filters.vue" path="/Users/vitorneves/_mycode/wine-beer-cellar-vuejs/src/components/Filters.vue">
      <metrics statements="4" coveredstatements="2" conditionals="0" coveredconditionals="0" methods="3" coveredmethods="1"/>
      <line num="36" count="1" type="stmt"/>
      <line num="40" count="1" type="stmt"/>
      <line num="49" count="0" type="stmt"/>
      <line num="53" count="0" type="stmt"/>
    </file>
    <file name="WineDetails.vue" path="/Users/vitorneves/_mycode/wine-beer-cellar-vuejs/src/components/WineDetails.vue">
      <metrics statements="11" coveredstatements="7" conditionals="2" coveredconditionals="1" methods="5" coveredmethods="4"/>
      <line num="22" count="1" type="stmt"/>
      <line num="29" count="1" type="cond" truecount="1" falsecount="1"/>
      <line num="30" count="1" type="stmt"/>
      <line num="33" count="0" type="stmt"/>
      <line num="34" count="0" type="stmt"/>
      <line num="36" count="0" type="stmt"/>
      <line num="41" count="3" type="stmt"/>
      <line num="51" count="3" type="stmt"/>
      <line num="52" count="0" type="stmt"/>
      <line num="60" count="3" type="stmt"/>
      <line num="61" count="3" type="stmt"/>
    </file>
  </project>
</coverage>
