TN:
SF:/Users/vitorneves/_mycode/wine-beer-cellar-vuejs/src/components/Filters.vue
FN:39,(anonymous_1)
FN:48,(anonymous_2)
FN:52,(anonymous_3)
FNF:3
FNH:1
FNDA:1,(anonymous_1)
FNDA:0,(anonymous_2)
FNDA:0,(anonymous_3)
DA:36,1
DA:40,1
DA:49,0
DA:53,0
LF:4
LH:2
BRF:0
BRH:0
end_of_record
TN:
SF:/Users/vitorneves/_mycode/wine-beer-cellar-vuejs/src/components/WineDetails.vue
FN:28,(anonymous_1)
FN:40,(anonymous_2)
FN:50,(anonymous_3)
FN:51,(anonymous_4)
FN:59,(anonymous_5)
FNF:5
FNH:4
FNDA:1,(anonymous_1)
FNDA:3,(anonymous_2)
FNDA:3,(anonymous_3)
FNDA:0,(anonymous_4)
FNDA:3,(anonymous_5)
DA:22,1
DA:29,1
DA:30,1
DA:33,0
DA:34,0
DA:36,0
DA:41,3
DA:51,3
DA:52,0
DA:60,3
DA:61,3
LF:11
LH:7
BRDA:29,0,0,1
BRDA:29,0,1,0
BRF:2
BRH:1
end_of_record
